# JRE version: Java(TM) SE Runtime Environment (8.0_102-b14) (build 1.8.0_102-b14)
# Java VM: Java HotSpot(TM) 64-Bit Server VM (25.102-b14 mixed mode windows-amd64 compressed oops)
Heap:
 PSYoungGen      total 45568K, used 38177K [0x00000000eab00000, 0x00000000ee680000, 0x0000000100000000)
  eden space 39424K, 82% used [0x00000000eab00000,0x00000000eca94638,0x00000000ed180000)
  from space 6144K, 95% used [0x00000000ed200000,0x00000000ed7b4030,0x00000000ed800000)
  to   space 10752K, 0% used [0x00000000edc00000,0x00000000edc00000,0x00000000ee680000)
 ParOldGen       total 83968K, used 36264K [0x00000000c0000000, 0x00000000c5200000, 0x00000000eab00000)
  object space 83968K, 43% used [0x00000000c0000000,0x00000000c236a210,0x00000000c5200000)
 Metaspace       used 62789K, capacity 65366K, committed 65688K, reserved 1107968K
  class space    used 8436K, capacity 9048K, committed 9136K, reserved 1048576K
GC Heap History (10 events):
Event: 88.508 GC heap before
{Heap before GC invocations=27 (full 3):
 PSYoungGen      total 45568K, used 45344K [0x00000000eab00000, 0x00000000ee600000, 0x0000000100000000)
  eden space 41984K, 100% used [0x00000000eab00000,0x00000000ed400000,0x00000000ed400000)
  from space 3584K, 93% used [0x00000000ed500000,0x00000000ed848240,0x00000000ed880000)
  to   space 9216K, 0% used [0x00000000edd00000,0x00000000edd00000,0x00000000ee600000)
 ParOldGen       total 86528K, used 37605K [0x00000000c0000000, 0x00000000c5480000, 0x00000000eab00000)
  object space 86528K, 43% used [0x00000000c0000000,0x00000000c24b9770,0x00000000c5480000)
 Metaspace       used 60302K, capacity 62352K, committed 62616K, reserved 1103872K
  class space    used 8272K, capacity 8777K, committed 8880K, reserved 1048576K
Event: 88.513 GC heap after
Heap after GC invocations=27 (full 3):
 PSYoungGen      total 50176K, used 6492K [0x00000000eab00000, 0x00000000ee600000, 0x0000000100000000)
  eden space 40960K, 0% used [0x00000000eab00000,0x00000000eab00000,0x00000000ed300000)
  from space 9216K, 70% used [0x00000000edd00000,0x00000000ee3572b8,0x00000000ee600000)
  to   space 9728K, 0% used [0x00000000ed300000,0x00000000ed300000,0x00000000edc80000)
 ParOldGen       total 86528K, used 37613K [0x00000000c0000000, 0x00000000c5480000, 0x00000000eab00000)
  object space 86528K, 43% used [0x00000000c0000000,0x00000000c24bb770,0x00000000c5480000)
 Metaspace       used 60302K, capacity 62352K, committed 62616K, reserved 1103872K
  class space    used 8272K, capacity 8777K, committed 8880K, reserved 1048576K
}
Event: 160.865 GC heap before
{Heap before GC invocations=28 (full 3):
 PSYoungGen      total 50176K, used 47452K [0x00000000eab00000, 0x00000000ee600000, 0x0000000100000000)
  eden space 40960K, 100% used [0x00000000eab00000,0x00000000ed300000,0x00000000ed300000)
  from space 9216K, 70% used [0x00000000edd00000,0x00000000ee3572b8,0x00000000ee600000)
  to   space 9728K, 0% used [0x00000000ed300000,0x00000000ed300000,0x00000000edc80000)
 ParOldGen       total 86528K, used 37613K [0x00000000c0000000, 0x00000000c5480000, 0x00000000eab00000)
  object space 86528K, 43% used [0x00000000c0000000,0x00000000c24bb770,0x00000000c5480000)
 Metaspace       used 61931K, capacity 64032K, committed 64280K, reserved 1103872K
  class space    used 8371K, capacity 8937K, committed 9008K, reserved 1048576K
Event: 160.875 GC heap after
Heap after GC invocations=28 (full 3):
 PSYoungGen      total 50176K, used 9696K [0x00000000eab00000, 0x00000000ee880000, 0x0000000100000000)
  eden space 40448K, 0% used [0x00000000eab00000,0x00000000eab00000,0x00000000ed280000)
  from space 9728K, 99% used [0x00000000ed300000,0x00000000edc78060,0x00000000edc80000)
  to   space 11264K, 0% used [0x00000000edd80000,0x00000000edd80000,0x00000000ee880000)
 ParOldGen       total 86528K, used 39078K [0x00000000c0000000, 0x00000000c5480000, 0x00000000eab00000)
  object space 86528K, 45% used [0x00000000c0000000,0x00000000c2629a28,0x00000000c5480000)
 Metaspace       used 61931K, capacity 64032K, committed 64280K, reserved 1103872K
  class space    used 8371K, capacity 8937K, committed 9008K, reserved 1048576K
}
Event: 260.900 GC heap before
{Heap before GC invocations=29 (full 3):
 PSYoungGen      total 50176K, used 40931K [0x00000000eab00000, 0x00000000ee880000, 0x0000000100000000)
  eden space 40448K, 77% used [0x00000000eab00000,0x00000000ec980bb8,0x00000000ed280000)
  from space 9728K, 99% used [0x00000000ed300000,0x00000000edc78060,0x00000000edc80000)
  to   space 11264K, 0% used [0x00000000edd80000,0x00000000edd80000,0x00000000ee880000)
 ParOldGen       total 86528K, used 39078K [0x00000000c0000000, 0x00000000c5480000, 0x00000000eab00000)
  object space 86528K, 45% used [0x00000000c0000000,0x00000000c2629a28,0x00000000c5480000)
 Metaspace       used 62235K, capacity 64496K, committed 64536K, reserved 1110016K
  class space    used 8393K, capacity 8971K, committed 9008K, reserved 1048576K
Event: 260.910 GC heap after
Heap after GC invocations=29 (full 3):
 PSYoungGen      total 49664K, used 5056K [0x00000000eab00000, 0x00000000ee700000, 0x0000000100000000)
  eden space 39936K, 0% used [0x00000000eab00000,0x00000000eab00000,0x00000000ed200000)
  from space 9728K, 51% used [0x00000000edd80000,0x00000000ee270010,0x00000000ee700000)
  to   space 10752K, 0% used [0x00000000ed200000,0x00000000ed200000,0x00000000edc80000)
 ParOldGen       total 86528K, used 43214K [0x00000000c0000000, 0x00000000c5480000, 0x00000000eab00000)
  object space 86528K, 49% used [0x00000000c0000000,0x00000000c2a33bd8,0x00000000c5480000)
 Metaspace       used 62235K, capacity 64496K, committed 64536K, reserved 1110016K
  class space    used 8393K, capacity 8971K, committed 9008K, reserved 1048576K
}
Event: 260.910 GC heap before
{Heap before GC invocations=30 (full 4):
 PSYoungGen      total 49664K, used 5056K [0x00000000eab00000, 0x00000000ee700000, 0x0000000100000000)
  eden space 39936K, 0% used [0x00000000eab00000,0x00000000eab00000,0x00000000ed200000)
  from space 9728K, 51% used [0x00000000edd80000,0x00000000ee270010,0x00000000ee700000)
  to   space 10752K, 0% used [0x00000000ed200000,0x00000000ed200000,0x00000000edc80000)
 ParOldGen       total 86528K, used 43214K [0x00000000c0000000, 0x00000000c5480000, 0x00000000eab00000)
  object space 86528K, 49% used [0x00000000c0000000,0x00000000c2a33bd8,0x00000000c5480000)
 Metaspace       used 62235K, capacity 64496K, committed 64536K, reserved 1110016K
  class space    used 8393K, capacity 8971K, committed 9008K, reserved 1048576K
Event: 261.063 GC heap after
Heap after GC invocations=30 (full 4):
 PSYoungGen      total 49664K, used 0K [0x00000000eab00000, 0x00000000ee700000, 0x0000000100000000)
  eden space 39936K, 0% used [0x00000000eab00000,0x00000000eab00000,0x00000000ed200000)
  from space 9728K, 0% used [0x00000000edd80000,0x00000000edd80000,0x00000000ee700000)
  to   space 10752K, 0% used [0x00000000ed200000,0x00000000ed200000,0x00000000edc80000)
 ParOldGen       total 83968K, used 36256K [0x00000000c0000000, 0x00000000c5200000, 0x00000000eab00000)
  object space 83968K, 43% used [0x00000000c0000000,0x00000000c2368210,0x00000000c5200000)
 Metaspace       used 62235K, capacity 64496K, committed 64536K, reserved 1107968K
  class space    used 8393K, capacity 8971K, committed 9008K, reserved 1048576K
}
Event: 262.055 GC heap before
{Heap before GC invocations=31 (full 4):
 PSYoungGen      total 49664K, used 39936K [0x00000000eab00000, 0x00000000ee700000, 0x0000000100000000)
  eden space 39936K, 100% used [0x00000000eab00000,0x00000000ed200000,0x00000000ed200000)
  from space 9728K, 0% used [0x00000000edd80000,0x00000000edd80000,0x00000000ee700000)
  to   space 10752K, 0% used [0x00000000ed200000,0x00000000ed200000,0x00000000edc80000)
 ParOldGen       total 83968K, used 36256K [0x00000000c0000000, 0x00000000c5200000, 0x00000000eab00000)
  object space 83968K, 43% used [0x00000000c0000000,0x00000000c2368210,0x00000000c5200000)
 Metaspace       used 62560K, capacity 64932K, committed 65048K, reserved 1107968K
  class space    used 8408K, capacity 8997K, committed 9008K, reserved 1048576K
Event: 262.066 GC heap after
Heap after GC invocations=31 (full 4):
 PSYoungGen      total 45568K, used 5840K [0x00000000eab00000, 0x00000000ee680000, 0x0000000100000000)
  eden space 39424K, 0% used [0x00000000eab00000,0x00000000eab00000,0x00000000ed180000)
  from space 6144K, 95% used [0x00000000ed200000,0x00000000ed7b4030,0x00000000ed800000)
  to   space 10752K, 0% used [0x00000000edc00000,0x00000000edc00000,0x00000000ee680000)
 ParOldGen       total 83968K, used 36264K [0x00000000c0000000, 0x00000000c5200000, 0x00000000eab00000)
  object space 83968K, 43% used [0x00000000c0000000,0x00000000c236a210,0x00000000c5200000)
 Metaspace       used 62560K, capacity 64932K, committed 65048K, reserved 1107968K
  class space    used 8408K, capacity 8997K, committed 9008K, reserved 1048576K
}

