# JRE version: Java(TM) SE Runtime Environment (8.0_102-b14) (build 1.8.0_102-b14)
# Java VM: Java HotSpot(TM) 64-Bit Server VM (25.102-b14 mixed mode windows-amd64 compressed oops)
Heap:
 PSYoungGen      total 114688K, used 62978K [0x00000000eab00000, 0x00000000f2880000, 0x0000000100000000)
  eden space 103936K, 60% used [0x00000000eab00000,0x00000000ee880bd0,0x00000000f1080000)
  from space 10752K, 0% used [0x00000000f1c00000,0x00000000f1c00000,0x00000000f2680000)
  to   space 11776K, 0% used [0x00000000f1080000,0x00000000f1080000,0x00000000f1c00000)
 ParOldGen       total 54272K, used 17119K [0x00000000c0000000, 0x00000000c3500000, 0x00000000eab00000)
  object space 54272K, 31% used [0x00000000c0000000,0x00000000c10b7d80,0x00000000c3500000)
 Metaspace       used 37518K, capacity 38152K, committed 38576K, reserved 1083392K
  class space    used 5221K, capacity 5463K, committed 5552K, reserved 1048576K
GC Heap History (10 events):
Event: 4.099 GC heap before
{Heap before GC invocations=6 (full 1):
 PSYoungGen      total 71680K, used 5104K [0x00000000eab00000, 0x00000000ef600000, 0x0000000100000000)
  eden space 66560K, 0% used [0x00000000eab00000,0x00000000eab00000,0x00000000eec00000)
  from space 5120K, 99% used [0x00000000eec00000,0x00000000ef0fc040,0x00000000ef100000)
  to   space 5120K, 0% used [0x00000000ef100000,0x00000000ef100000,0x00000000ef600000)
 ParOldGen       total 87552K, used 8161K [0x00000000c0000000, 0x00000000c5580000, 0x00000000eab00000)
  object space 87552K, 9% used [0x00000000c0000000,0x00000000c07f8408,0x00000000c5580000)
 Metaspace       used 20932K, capacity 21188K, committed 21296K, reserved 1067008K
  class space    used 2972K, capacity 3074K, committed 3120K, reserved 1048576K
Event: 4.132 GC heap after
Heap after GC invocations=6 (full 1):
 PSYoungGen      total 71680K, used 0K [0x00000000eab00000, 0x00000000ef600000, 0x0000000100000000)
  eden space 66560K, 0% used [0x00000000eab00000,0x00000000eab00000,0x00000000eec00000)
  from space 5120K, 0% used [0x00000000eec00000,0x00000000eec00000,0x00000000ef100000)
  to   space 5120K, 0% used [0x00000000ef100000,0x00000000ef100000,0x00000000ef600000)
 ParOldGen       total 54272K, used 8013K [0x00000000c0000000, 0x00000000c3500000, 0x00000000eab00000)
  object space 54272K, 14% used [0x00000000c0000000,0x00000000c07d3648,0x00000000c3500000)
 Metaspace       used 20932K, capacity 21188K, committed 21296K, reserved 1067008K
  class space    used 2972K, capacity 3074K, committed 3120K, reserved 1048576K
}
Event: 5.189 GC heap before
{Heap before GC invocations=7 (full 1):
 PSYoungGen      total 71680K, used 66560K [0x00000000eab00000, 0x00000000ef600000, 0x0000000100000000)
  eden space 66560K, 100% used [0x00000000eab00000,0x00000000eec00000,0x00000000eec00000)
  from space 5120K, 0% used [0x00000000eec00000,0x00000000eec00000,0x00000000ef100000)
  to   space 5120K, 0% used [0x00000000ef100000,0x00000000ef100000,0x00000000ef600000)
 ParOldGen       total 54272K, used 8013K [0x00000000c0000000, 0x00000000c3500000, 0x00000000eab00000)
  object space 54272K, 14% used [0x00000000c0000000,0x00000000c07d3648,0x00000000c3500000)
 Metaspace       used 26402K, capacity 26832K, committed 26928K, reserved 1073152K
  class space    used 3709K, capacity 3863K, committed 3888K, reserved 1048576K
Event: 5.201 GC heap after
Heap after GC invocations=7 (full 1):
 PSYoungGen      total 67072K, used 5114K [0x00000000eab00000, 0x00000000f2e00000, 0x0000000100000000)
  eden space 61952K, 0% used [0x00000000eab00000,0x00000000eab00000,0x00000000ee780000)
  from space 5120K, 99% used [0x00000000ef100000,0x00000000ef5fe9e0,0x00000000ef600000)
  to   space 9728K, 0% used [0x00000000ee780000,0x00000000ee780000,0x00000000ef100000)
 ParOldGen       total 54272K, used 10275K [0x00000000c0000000, 0x00000000c3500000, 0x00000000eab00000)
  object space 54272K, 18% used [0x00000000c0000000,0x00000000c0a08f70,0x00000000c3500000)
 Metaspace       used 26402K, capacity 26832K, committed 26928K, reserved 1073152K
  class space    used 3709K, capacity 3863K, committed 3888K, reserved 1048576K
}
Event: 5.920 GC heap before
{Heap before GC invocations=8 (full 1):
 PSYoungGen      total 67072K, used 67066K [0x00000000eab00000, 0x00000000f2e00000, 0x0000000100000000)
  eden space 61952K, 100% used [0x00000000eab00000,0x00000000ee780000,0x00000000ee780000)
  from space 5120K, 99% used [0x00000000ef100000,0x00000000ef5fe9e0,0x00000000ef600000)
  to   space 9728K, 0% used [0x00000000ee780000,0x00000000ee780000,0x00000000ef100000)
 ParOldGen       total 54272K, used 10275K [0x00000000c0000000, 0x00000000c3500000, 0x00000000eab00000)
  object space 54272K, 18% used [0x00000000c0000000,0x00000000c0a08f70,0x00000000c3500000)
 Metaspace       used 29574K, capacity 30080K, committed 30256K, reserved 1075200K
  class space    used 4221K, capacity 4387K, committed 4400K, reserved 1048576K
Event: 5.929 GC heap after
Heap after GC invocations=8 (full 1):
 PSYoungGen      total 71680K, used 8788K [0x00000000eab00000, 0x00000000f2680000, 0x0000000100000000)
  eden space 61952K, 0% used [0x00000000eab00000,0x00000000eab00000,0x00000000ee780000)
  from space 9728K, 90% used [0x00000000ee780000,0x00000000ef015130,0x00000000ef100000)
  to   space 10752K, 0% used [0x00000000f1c00000,0x00000000f1c00000,0x00000000f2680000)
 ParOldGen       total 54272K, used 10283K [0x00000000c0000000, 0x00000000c3500000, 0x00000000eab00000)
  object space 54272K, 18% used [0x00000000c0000000,0x00000000c0a0af70,0x00000000c3500000)
 Metaspace       used 29574K, capacity 30080K, committed 30256K, reserved 1075200K
  class space    used 4221K, capacity 4387K, committed 4400K, reserved 1048576K
}
Event: 6.423 GC heap before
{Heap before GC invocations=9 (full 1):
 PSYoungGen      total 71680K, used 39348K [0x00000000eab00000, 0x00000000f2680000, 0x0000000100000000)
  eden space 61952K, 49% used [0x00000000eab00000,0x00000000ec8d8028,0x00000000ee780000)
  from space 9728K, 90% used [0x00000000ee780000,0x00000000ef015130,0x00000000ef100000)
  to   space 10752K, 0% used [0x00000000f1c00000,0x00000000f1c00000,0x00000000f2680000)
 ParOldGen       total 54272K, used 10283K [0x00000000c0000000, 0x00000000c3500000, 0x00000000eab00000)
  object space 54272K, 18% used [0x00000000c0000000,0x00000000c0a0af70,0x00000000c3500000)
 Metaspace       used 34736K, capacity 35350K, committed 35496K, reserved 1079296K
  class space    used 4871K, capacity 5104K, committed 5168K, reserved 1048576K
Event: 6.432 GC heap after
Heap after GC invocations=9 (full 1):
 PSYoungGen      total 114688K, used 10407K [0x00000000eab00000, 0x00000000f2880000, 0x0000000100000000)
  eden space 103936K, 0% used [0x00000000eab00000,0x00000000eab00000,0x00000000f1080000)
  from space 10752K, 96% used [0x00000000f1c00000,0x00000000f2629e20,0x00000000f2680000)
  to   space 11776K, 0% used [0x00000000f1080000,0x00000000f1080000,0x00000000f1c00000)
 ParOldGen       total 54272K, used 10291K [0x00000000c0000000, 0x00000000c3500000, 0x00000000eab00000)
  object space 54272K, 18% used [0x00000000c0000000,0x00000000c0a0cf70,0x00000000c3500000)
 Metaspace       used 34736K, capacity 35350K, committed 35496K, reserved 1079296K
  class space    used 4871K, capacity 5104K, committed 5168K, reserved 1048576K
}
Event: 6.432 GC heap before
{Heap before GC invocations=10 (full 2):
 PSYoungGen      total 114688K, used 10407K [0x00000000eab00000, 0x00000000f2880000, 0x0000000100000000)
  eden space 103936K, 0% used [0x00000000eab00000,0x00000000eab00000,0x00000000f1080000)
  from space 10752K, 96% used [0x00000000f1c00000,0x00000000f2629e20,0x00000000f2680000)
  to   space 11776K, 0% used [0x00000000f1080000,0x00000000f1080000,0x00000000f1c00000)
 ParOldGen       total 54272K, used 10291K [0x00000000c0000000, 0x00000000c3500000, 0x00000000eab00000)
  object space 54272K, 18% used [0x00000000c0000000,0x00000000c0a0cf70,0x00000000c3500000)
 Metaspace       used 34736K, capacity 35350K, committed 35496K, reserved 1079296K
  class space    used 4871K, capacity 5104K, committed 5168K, reserved 1048576K
Event: 6.494 GC heap after
Heap after GC invocations=10 (full 2):
 PSYoungGen      total 114688K, used 0K [0x00000000eab00000, 0x00000000f2880000, 0x0000000100000000)
  eden space 103936K, 0% used [0x00000000eab00000,0x00000000eab00000,0x00000000f1080000)
  from space 10752K, 0% used [0x00000000f1c00000,0x00000000f1c00000,0x00000000f2680000)
  to   space 11776K, 0% used [0x00000000f1080000,0x00000000f1080000,0x00000000f1c00000)
 ParOldGen       total 54272K, used 17119K [0x00000000c0000000, 0x00000000c3500000, 0x00000000eab00000)
  object space 54272K, 31% used [0x00000000c0000000,0x00000000c10b7d80,0x00000000c3500000)
 Metaspace       used 34736K, capacity 35350K, committed 35496K, reserved 1079296K
  class space    used 4871K, capacity 5104K, committed 5168K, reserved 1048576K
}

